<?xml version="1.0" encoding="UTF-8"?>
<!-- Generated by org.testng.reporters.JUnitXMLReporter -->
<testsuite hostname="UKLF3GWKC2" ignored="0" name="Nopackage" tests="9" failures="2" timestamp="02 Apr 2019 14:58:14 GMT" time="896.019" errors="0">
  <testcase name="feature" time="67.338" classname="cucumber.api.testng.AbstractTestNGCucumberTests"/>
  <testcase name="feature" time="138.813" classname="cucumber.api.testng.AbstractTestNGCucumberTests"/>
  <testcase name="feature" time="117.307" classname="cucumber.api.testng.AbstractTestNGCucumberTests"/>
  <testcase name="feature" time="84.678" classname="cucumber.api.testng.AbstractTestNGCucumberTests"/>
  <testcase name="feature" time="101.017" classname="cucumber.api.testng.AbstractTestNGCucumberTests"/>
  <testcase name="feature" time="92.384" classname="cucumber.api.testng.AbstractTestNGCucumberTests"/>
  <testcase name="feature" time="70.551" classname="cucumber.api.testng.AbstractTestNGCucumberTests"/>
  <testcase name="feature" time="111.195" classname="cucumber.api.testng.AbstractTestNGCucumberTests">
    <failure type="cucumber.runtime.CucumberException" message="java.lang.IllegalArgumentException: bound must be positive">
      <![CDATA[cucumber.runtime.CucumberException: java.lang.IllegalArgumentException: bound must be positive
at cucumber.api.testng.TestNGCucumberRunner.runCucumber(TestNGCucumberRunner.java:69)
at cucumber.api.testng.AbstractTestNGCucumberTests.feature(AbstractTestNGCucumberTests.java:21)
Caused by: java.lang.IllegalArgumentException: bound must be positive
at java.util.Random.nextInt(Random.java:388)
at CBE.StayBeta.HotelSearchImpl.SelectMultipleRoomsSameTypeFromListInSearchResults(HotelSearchImpl.java:257)
at stepDefinitions.HotelSearchDefinitions.select_multiple_rooms_with_same_room_type_from_the_list_and_add_to_cart(HotelSearchDefinitions.java:63)
at ✽.And Select multiple rooms with same room type from the list and add to cart(HotelBooking7.feature:27)
... Removed 25 stack frames]]>
    </failure>
  </testcase> <!-- feature -->
  <testcase name="feature" time="112.022" classname="cucumber.api.testng.AbstractTestNGCucumberTests">
    <failure type="cucumber.runtime.CucumberException" message="java.lang.IllegalArgumentException: bound must be positive">
      <![CDATA[cucumber.runtime.CucumberException: java.lang.IllegalArgumentException: bound must be positive
at cucumber.api.testng.TestNGCucumberRunner.runCucumber(TestNGCucumberRunner.java:69)
at cucumber.api.testng.AbstractTestNGCucumberTests.feature(AbstractTestNGCucumberTests.java:21)
Caused by: java.lang.IllegalArgumentException: bound must be positive
at java.util.Random.nextInt(Random.java:388)
at CBE.StayBeta.HotelSearchImpl.SelectMultipleRoomsDifferentTypeFromListInSearchResults(HotelSearchImpl.java:282)
at stepDefinitions.HotelSearchDefinitions.select_multiple_rooms_with_different_room_type_from_the_list_and_add_to_cart(HotelSearchDefinitions.java:71)
at ✽.And Select multiple rooms with different room type from the list and add to cart(HotelBooking8.feature:27)
... Removed 25 stack frames]]>
    </failure>
  </testcase> <!-- feature -->
</testsuite> <!-- Nopackage -->
