<?xml version="1.0" encoding="UTF-8"?>
<testng-results skipped="0" failed="2" ignored="0" total="9" passed="7">
  <reporter-output>
  </reporter-output>
  <suite name="Suite1" duration-ms="896019" started-at="2019-04-02T14:43:18Z" finished-at="2019-04-02T14:58:14Z">
    <groups>
      <group name="cucumber">
        <method signature="AbstractTestNGCucumberTests.feature(cucumber.api.testng.CucumberFeatureWrapper)[pri:0, instance:cucumberOptions.TestRunner@21213b92]" name="feature" class="cucumber.api.testng.AbstractTestNGCucumberTests"/>
      </group> <!-- cucumber -->
    </groups>
    <test name="Nopackage" duration-ms="896019" started-at="2019-04-02T14:43:18Z" finished-at="2019-04-02T14:58:14Z">
      <class name="cucumberOptions.TestRunner">
        <test-method status="PASS" signature="setUpClass()[pri:0, instance:cucumberOptions.TestRunner@21213b92]" name="setUpClass" is-config="true" duration-ms="254" started-at="2019-04-02T14:43:18Z" finished-at="2019-04-02T14:43:18Z">
          <reporter-output>
          </reporter-output>
        </test-method> <!-- setUpClass -->
        <test-method status="PASS" signature="feature(cucumber.api.testng.CucumberFeatureWrapper)[pri:0, instance:cucumberOptions.TestRunner@21213b92]" name="feature" duration-ms="67338" started-at="2019-04-02T14:43:18Z" description="Runs Cucumber Feature" data-provider="features" finished-at="2019-04-02T14:44:26Z">
          <params>
            <param index="0">
              <value>
                <![CDATA[Delete the Product from the shopping cart]]>
              </value>
            </param>
          </params>
          <reporter-output>
          </reporter-output>
        </test-method> <!-- feature -->
        <test-method status="PASS" signature="feature(cucumber.api.testng.CucumberFeatureWrapper)[pri:0, instance:cucumberOptions.TestRunner@21213b92]" name="feature" duration-ms="138813" started-at="2019-04-02T14:44:26Z" description="Runs Cucumber Feature" data-provider="features" finished-at="2019-04-02T14:46:44Z">
          <params>
            <param index="0">
              <value>
                <![CDATA[New Hotel Booking through Different Data Sources through LB]]>
              </value>
            </param>
          </params>
          <reporter-output>
          </reporter-output>
        </test-method> <!-- feature -->
        <test-method status="PASS" signature="feature(cucumber.api.testng.CucumberFeatureWrapper)[pri:0, instance:cucumberOptions.TestRunner@21213b92]" name="feature" duration-ms="117307" started-at="2019-04-02T14:46:44Z" description="Runs Cucumber Feature" data-provider="features" finished-at="2019-04-02T14:48:42Z">
          <params>
            <param index="0">
              <value>
                <![CDATA[New Hotel Booking through Different Data Sources  through Adding hotel to cart from tabular results directly]]>
              </value>
            </param>
          </params>
          <reporter-output>
          </reporter-output>
        </test-method> <!-- feature -->
        <test-method status="PASS" signature="feature(cucumber.api.testng.CucumberFeatureWrapper)[pri:0, instance:cucumberOptions.TestRunner@21213b92]" name="feature" duration-ms="84678" started-at="2019-04-02T14:48:42Z" description="Runs Cucumber Feature" data-provider="features" finished-at="2019-04-02T14:50:06Z">
          <params>
            <param index="0">
              <value>
                <![CDATA[New Hotel Booking through Different Data Sources by selecting a single room]]>
              </value>
            </param>
          </params>
          <reporter-output>
          </reporter-output>
        </test-method> <!-- feature -->
        <test-method status="PASS" signature="feature(cucumber.api.testng.CucumberFeatureWrapper)[pri:0, instance:cucumberOptions.TestRunner@21213b92]" name="feature" duration-ms="101017" started-at="2019-04-02T14:50:06Z" description="Runs Cucumber Feature" data-provider="features" finished-at="2019-04-02T14:51:47Z">
          <params>
            <param index="0">
              <value>
                <![CDATA[New Hotel Booking through Different Data Sources by selecting a Multiple rooms with same room type]]>
              </value>
            </param>
          </params>
          <reporter-output>
          </reporter-output>
        </test-method> <!-- feature -->
        <test-method status="PASS" signature="feature(cucumber.api.testng.CucumberFeatureWrapper)[pri:0, instance:cucumberOptions.TestRunner@21213b92]" name="feature" duration-ms="92384" started-at="2019-04-02T14:51:47Z" description="Runs Cucumber Feature" data-provider="features" finished-at="2019-04-02T14:53:20Z">
          <params>
            <param index="0">
              <value>
                <![CDATA[New Hotel Booking through Different Data Sources by selecting a Multiple rooms with different room types]]>
              </value>
            </param>
          </params>
          <reporter-output>
          </reporter-output>
        </test-method> <!-- feature -->
        <test-method status="PASS" signature="feature(cucumber.api.testng.CucumberFeatureWrapper)[pri:0, instance:cucumberOptions.TestRunner@21213b92]" name="feature" duration-ms="70551" started-at="2019-04-02T14:53:20Z" description="Runs Cucumber Feature" data-provider="features" finished-at="2019-04-02T14:54:30Z">
          <params>
            <param index="0">
              <value>
                <![CDATA[New Hotel Booking through Different Data Sources by selecting a single room]]>
              </value>
            </param>
          </params>
          <reporter-output>
          </reporter-output>
        </test-method> <!-- feature -->
        <test-method status="FAIL" signature="feature(cucumber.api.testng.CucumberFeatureWrapper)[pri:0, instance:cucumberOptions.TestRunner@21213b92]" name="feature" duration-ms="111195" started-at="2019-04-02T14:54:30Z" description="Runs Cucumber Feature" data-provider="features" finished-at="2019-04-02T14:56:22Z">
          <params>
            <param index="0">
              <value>
                <![CDATA[New Hotel Booking through Different Data Sources by selecting Multiple rooms with same room type]]>
              </value>
            </param>
          </params>
          <exception class="cucumber.runtime.CucumberException">
            <message>
              <![CDATA[java.lang.IllegalArgumentException: bound must be positive]]>
            </message>
            <full-stacktrace>
              <![CDATA[cucumber.runtime.CucumberException: java.lang.IllegalArgumentException: bound must be positive
at cucumber.api.testng.TestNGCucumberRunner.runCucumber(TestNGCucumberRunner.java:69)
at cucumber.api.testng.AbstractTestNGCucumberTests.feature(AbstractTestNGCucumberTests.java:21)
at sun.reflect.NativeMethodAccessorImpl.invoke0(Native Method)
at sun.reflect.NativeMethodAccessorImpl.invoke(NativeMethodAccessorImpl.java:62)
at sun.reflect.DelegatingMethodAccessorImpl.invoke(DelegatingMethodAccessorImpl.java:43)
at java.lang.reflect.Method.invoke(Method.java:498)
at org.testng.internal.MethodInvocationHelper.invokeMethod(MethodInvocationHelper.java:124)
at org.testng.internal.Invoker.invokeMethod(Invoker.java:583)
at org.testng.internal.Invoker.invokeTestMethod(Invoker.java:719)
at org.testng.internal.Invoker.invokeTestMethods(Invoker.java:989)
at org.testng.internal.TestMethodWorker.invokeTestMethods(TestMethodWorker.java:125)
at org.testng.internal.TestMethodWorker.run(TestMethodWorker.java:109)
at org.testng.TestRunner.privateRun(TestRunner.java:648)
at org.testng.TestRunner.run(TestRunner.java:505)
at org.testng.SuiteRunner.runTest(SuiteRunner.java:455)
at org.testng.SuiteRunner.runSequentially(SuiteRunner.java:450)
at org.testng.SuiteRunner.privateRun(SuiteRunner.java:415)
at org.testng.SuiteRunner.run(SuiteRunner.java:364)
at org.testng.SuiteRunnerWorker.runSuite(SuiteRunnerWorker.java:52)
at org.testng.SuiteRunnerWorker.run(SuiteRunnerWorker.java:84)
at org.testng.TestNG.runSuitesSequentially(TestNG.java:1208)
at org.testng.TestNG.runSuitesLocally(TestNG.java:1137)
at org.testng.TestNG.runSuites(TestNG.java:1049)
at org.testng.TestNG.run(TestNG.java:1017)
at org.testng.remote.AbstractRemoteTestNG.run(AbstractRemoteTestNG.java:115)
at org.testng.remote.RemoteTestNG.initAndRun(RemoteTestNG.java:251)
at org.testng.remote.RemoteTestNG.main(RemoteTestNG.java:77)
Caused by: java.lang.IllegalArgumentException: bound must be positive
at java.util.Random.nextInt(Random.java:388)
at CBE.StayBeta.HotelSearchImpl.SelectMultipleRoomsSameTypeFromListInSearchResults(HotelSearchImpl.java:257)
at stepDefinitions.HotelSearchDefinitions.select_multiple_rooms_with_same_room_type_from_the_list_and_add_to_cart(HotelSearchDefinitions.java:63)
at ✽.And Select multiple rooms with same room type from the list and add to cart(HotelBooking7.feature:27)
]]>
            </full-stacktrace>
          </exception> <!-- cucumber.runtime.CucumberException -->
          <reporter-output>
          </reporter-output>
        </test-method> <!-- feature -->
        <test-method status="FAIL" signature="feature(cucumber.api.testng.CucumberFeatureWrapper)[pri:0, instance:cucumberOptions.TestRunner@21213b92]" name="feature" duration-ms="112022" started-at="2019-04-02T14:56:22Z" description="Runs Cucumber Feature" data-provider="features" finished-at="2019-04-02T14:58:14Z">
          <params>
            <param index="0">
              <value>
                <![CDATA[New Hotel Booking through Different Data Sources by selecting Multiple rooms with same room type]]>
              </value>
            </param>
          </params>
          <exception class="cucumber.runtime.CucumberException">
            <message>
              <![CDATA[java.lang.IllegalArgumentException: bound must be positive]]>
            </message>
            <full-stacktrace>
              <![CDATA[cucumber.runtime.CucumberException: java.lang.IllegalArgumentException: bound must be positive
at cucumber.api.testng.TestNGCucumberRunner.runCucumber(TestNGCucumberRunner.java:69)
at cucumber.api.testng.AbstractTestNGCucumberTests.feature(AbstractTestNGCucumberTests.java:21)
at sun.reflect.NativeMethodAccessorImpl.invoke0(Native Method)
at sun.reflect.NativeMethodAccessorImpl.invoke(NativeMethodAccessorImpl.java:62)
at sun.reflect.DelegatingMethodAccessorImpl.invoke(DelegatingMethodAccessorImpl.java:43)
at java.lang.reflect.Method.invoke(Method.java:498)
at org.testng.internal.MethodInvocationHelper.invokeMethod(MethodInvocationHelper.java:124)
at org.testng.internal.Invoker.invokeMethod(Invoker.java:583)
at org.testng.internal.Invoker.invokeTestMethod(Invoker.java:719)
at org.testng.internal.Invoker.invokeTestMethods(Invoker.java:989)
at org.testng.internal.TestMethodWorker.invokeTestMethods(TestMethodWorker.java:125)
at org.testng.internal.TestMethodWorker.run(TestMethodWorker.java:109)
at org.testng.TestRunner.privateRun(TestRunner.java:648)
at org.testng.TestRunner.run(TestRunner.java:505)
at org.testng.SuiteRunner.runTest(SuiteRunner.java:455)
at org.testng.SuiteRunner.runSequentially(SuiteRunner.java:450)
at org.testng.SuiteRunner.privateRun(SuiteRunner.java:415)
at org.testng.SuiteRunner.run(SuiteRunner.java:364)
at org.testng.SuiteRunnerWorker.runSuite(SuiteRunnerWorker.java:52)
at org.testng.SuiteRunnerWorker.run(SuiteRunnerWorker.java:84)
at org.testng.TestNG.runSuitesSequentially(TestNG.java:1208)
at org.testng.TestNG.runSuitesLocally(TestNG.java:1137)
at org.testng.TestNG.runSuites(TestNG.java:1049)
at org.testng.TestNG.run(TestNG.java:1017)
at org.testng.remote.AbstractRemoteTestNG.run(AbstractRemoteTestNG.java:115)
at org.testng.remote.RemoteTestNG.initAndRun(RemoteTestNG.java:251)
at org.testng.remote.RemoteTestNG.main(RemoteTestNG.java:77)
Caused by: java.lang.IllegalArgumentException: bound must be positive
at java.util.Random.nextInt(Random.java:388)
at CBE.StayBeta.HotelSearchImpl.SelectMultipleRoomsDifferentTypeFromListInSearchResults(HotelSearchImpl.java:282)
at stepDefinitions.HotelSearchDefinitions.select_multiple_rooms_with_different_room_type_from_the_list_and_add_to_cart(HotelSearchDefinitions.java:71)
at ✽.And Select multiple rooms with different room type from the list and add to cart(HotelBooking8.feature:27)
]]>
            </full-stacktrace>
          </exception> <!-- cucumber.runtime.CucumberException -->
          <reporter-output>
          </reporter-output>
        </test-method> <!-- feature -->
        <test-method status="PASS" signature="tearDownClass()[pri:0, instance:cucumberOptions.TestRunner@21213b92]" name="tearDownClass" is-config="true" duration-ms="313" started-at="2019-04-02T14:58:14Z" finished-at="2019-04-02T14:58:14Z">
          <reporter-output>
          </reporter-output>
        </test-method> <!-- tearDownClass -->
      </class> <!-- cucumberOptions.TestRunner -->
    </test> <!-- Nopackage -->
  </suite> <!-- Suite1 -->
</testng-results>
