<?xml version="1.0" encoding="UTF-8"?>
<testng-results skipped="0" failed="0" ignored="0" total="1" passed="1">
  <reporter-output>
  </reporter-output>
  <suite name="1Source-Automation" duration-ms="284081" started-at="2019-10-28T08:58:13Z" finished-at="2019-10-28T09:02:57Z">
    <groups>
      <group name="cucumber">
        <method signature="AbstractTestNGCucumberTests.feature(cucumber.api.testng.CucumberFeatureWrapper)[pri:0, instance:cucumberOptions.TestRunner@335eadca]" name="feature" class="cucumber.api.testng.AbstractTestNGCucumberTests"/>
      </group> <!-- cucumber -->
    </groups>
    <test name="Regression" duration-ms="284081" started-at="2019-10-28T08:58:13Z" finished-at="2019-10-28T09:02:57Z">
      <class name="cucumberOptions.TestRunner">
        <test-method status="PASS" signature="setUpClass()[pri:0, instance:cucumberOptions.TestRunner@335eadca]" name="setUpClass" is-config="true" duration-ms="489" started-at="2019-10-28T08:58:13Z" finished-at="2019-10-28T08:58:13Z">
          <reporter-output>
          </reporter-output>
        </test-method> <!-- setUpClass -->
        <test-method status="PASS" signature="setup()[pri:0, instance:cucumberOptions.TestRunner@335eadca]" name="setup" is-config="true" duration-ms="1" started-at="2019-10-28T08:58:13Z" finished-at="2019-10-28T08:58:13Z">
          <reporter-output>
          </reporter-output>
        </test-method> <!-- setup -->
        <test-method status="PASS" signature="feature(cucumber.api.testng.CucumberFeatureWrapper)[pri:0, instance:cucumberOptions.TestRunner@335eadca]" name="feature" duration-ms="282630" started-at="2019-10-28T08:58:13Z" description="Runs Cucumber Feature" data-provider="features" finished-at="2019-10-28T09:02:56Z">
          <params>
            <param index="0">
              <value>
                <![CDATA[Hotel booking and Amend Remove Passengers after booking]]>
              </value>
            </param>
          </params>
          <reporter-output>
          </reporter-output>
        </test-method> <!-- feature -->
        <test-method status="PASS" signature="tearDownClass()[pri:0, instance:cucumberOptions.TestRunner@335eadca]" name="tearDownClass" is-config="true" duration-ms="594" started-at="2019-10-28T09:02:56Z" finished-at="2019-10-28T09:02:57Z">
          <reporter-output>
          </reporter-output>
        </test-method> <!-- tearDownClass -->
      </class> <!-- cucumberOptions.TestRunner -->
    </test> <!-- Regression -->
  </suite> <!-- 1Source-Automation -->
</testng-results>
