<?xml version="1.0" encoding="UTF-8"?>
<testng-results skipped="0" failed="0" ignored="0" total="1" passed="1">
  <reporter-output>
  </reporter-output>
  <suite name="Default suite" duration-ms="372942" started-at="2019-10-14T15:48:32Z" finished-at="2019-10-14T15:54:44Z">
    <groups>
      <group name="cucumber">
        <method signature="AbstractTestNGCucumberTests.feature(cucumber.api.testng.CucumberFeatureWrapper)[pri:0, instance:cucumberOptions.TestRunner@6325a3ee]" name="feature" class="cucumber.api.testng.AbstractTestNGCucumberTests"/>
      </group> <!-- cucumber -->
    </groups>
    <test name="Default test" duration-ms="372942" started-at="2019-10-14T15:48:32Z" finished-at="2019-10-14T15:54:44Z">
      <class name="cucumberOptions.TestRunner">
        <test-method status="PASS" signature="setUpClass()[pri:0, instance:cucumberOptions.TestRunner@6325a3ee]" name="setUpClass" is-config="true" duration-ms="956" started-at="2019-10-14T15:48:32Z" finished-at="2019-10-14T15:48:32Z">
          <reporter-output>
          </reporter-output>
        </test-method> <!-- setUpClass -->
        <test-method status="PASS" signature="setup()[pri:0, instance:cucumberOptions.TestRunner@6325a3ee]" name="setup" is-config="true" duration-ms="3" started-at="2019-10-14T15:48:32Z" finished-at="2019-10-14T15:48:32Z">
          <reporter-output>
          </reporter-output>
        </test-method> <!-- setup -->
        <test-method status="PASS" signature="feature(cucumber.api.testng.CucumberFeatureWrapper)[pri:0, instance:cucumberOptions.TestRunner@6325a3ee]" name="feature" duration-ms="371321" started-at="2019-10-14T15:48:33Z" description="Runs Cucumber Feature" data-provider="features" finished-at="2019-10-14T15:54:44Z">
          <params>
            <param index="0">
              <value>
                <![CDATA[Hotel Booking through Expedia]]>
              </value>
            </param>
          </params>
          <reporter-output>
          </reporter-output>
        </test-method> <!-- feature -->
        <test-method status="PASS" signature="tearDownClass()[pri:0, instance:cucumberOptions.TestRunner@6325a3ee]" name="tearDownClass" is-config="true" duration-ms="494" started-at="2019-10-14T15:54:44Z" finished-at="2019-10-14T15:54:44Z">
          <reporter-output>
          </reporter-output>
        </test-method> <!-- tearDownClass -->
      </class> <!-- cucumberOptions.TestRunner -->
    </test> <!-- Default test -->
  </suite> <!-- Default suite -->
</testng-results>
