<?xml version="1.0" encoding="UTF-8"?>
<testng-results skipped="0" failed="1" ignored="1" total="2" passed="0">
  <reporter-output>
  </reporter-output>
  <suite name="Default suite" duration-ms="30865" started-at="2019-11-12T10:13:24 UTC" finished-at="2019-11-12T10:13:55 UTC">
    <groups>
    </groups>
    <test name="Default test" duration-ms="30865" started-at="2019-11-12T10:13:24 UTC" finished-at="2019-11-12T10:13:55 UTC">
      <class name="Base.funtions">
        <test-method status="FAIL" signature="mongoconnection()[pri:0, instance:Base.funtions@4d50efb8]" name="mongoconnection" duration-ms="30777" started-at="2019-11-12T10:13:24 UTC" finished-at="2019-11-12T10:13:55 UTC">
          <exception class="com.mongodb.MongoTimeoutException">
            <message>
              <![CDATA[Timed out after 30000 ms while waiting for a server that matches ReadPreferenceServerSelector{readPreference=primary}. Client view of cluster state is {type=UNKNOWN, servers=[{address=10.105.198.13:27017, type=UNKNOWN, state=CONNECTING, exception={com.mongodb.MongoSocketOpenException: Exception opening socket}, caused by {java.net.ConnectException: Connection refused: connect}}]]]>
            </message>
            <full-stacktrace>
              <![CDATA[com.mongodb.MongoTimeoutException: Timed out after 30000 ms while waiting for a server that matches ReadPreferenceServerSelector{readPreference=primary}. Client view of cluster state is {type=UNKNOWN, servers=[{address=10.105.198.13:27017, type=UNKNOWN, state=CONNECTING, exception={com.mongodb.MongoSocketOpenException: Exception opening socket}, caused by {java.net.ConnectException: Connection refused: connect}}]
at com.mongodb.connection.BaseCluster.createTimeoutException(BaseCluster.java:375)
at com.mongodb.connection.BaseCluster.selectServer(BaseCluster.java:104)
at com.mongodb.binding.ClusterBinding$ClusterBindingConnectionSource.<init>(ClusterBinding.java:75)
at com.mongodb.binding.ClusterBinding$ClusterBindingConnectionSource.<init>(ClusterBinding.java:71)
at com.mongodb.binding.ClusterBinding.getReadConnectionSource(ClusterBinding.java:63)
at com.mongodb.operation.CommandOperationHelper.executeWrappedCommandProtocol(CommandOperationHelper.java:90)
at com.mongodb.operation.CommandOperationHelper.executeWrappedCommandProtocol(CommandOperationHelper.java:85)
at com.mongodb.operation.CommandReadOperation.execute(CommandReadOperation.java:55)
at com.mongodb.Mongo.execute(Mongo.java:818)
at com.mongodb.Mongo$2.execute(Mongo.java:805)
at com.mongodb.MongoDatabaseImpl.runCommand(MongoDatabaseImpl.java:130)
at com.mongodb.MongoDatabaseImpl.runCommand(MongoDatabaseImpl.java:124)
at com.mongodb.MongoDatabaseImpl.runCommand(MongoDatabaseImpl.java:114)
at Base.funtions.mongoconnection(funtions.java:274)
at sun.reflect.NativeMethodAccessorImpl.invoke0(Native Method)
at sun.reflect.NativeMethodAccessorImpl.invoke(NativeMethodAccessorImpl.java:62)
at sun.reflect.DelegatingMethodAccessorImpl.invoke(DelegatingMethodAccessorImpl.java:43)
at java.lang.reflect.Method.invoke(Method.java:498)
at org.testng.internal.MethodInvocationHelper.invokeMethod(MethodInvocationHelper.java:133)
at org.testng.internal.TestInvoker.invokeMethod(TestInvoker.java:584)
at org.testng.internal.TestInvoker.invokeTestMethod(TestInvoker.java:172)
at org.testng.internal.MethodRunner.runInSequence(MethodRunner.java:46)
at org.testng.internal.TestInvoker$MethodInvocationAgent.invoke(TestInvoker.java:804)
at org.testng.internal.TestInvoker.invokeTestMethods(TestInvoker.java:145)
at org.testng.internal.TestMethodWorker.invokeTestMethods(TestMethodWorker.java:146)
at org.testng.internal.TestMethodWorker.run(TestMethodWorker.java:128)
at java.util.ArrayList.forEach(ArrayList.java:1257)
at org.testng.TestRunner.privateRun(TestRunner.java:770)
at org.testng.TestRunner.run(TestRunner.java:591)
at org.testng.SuiteRunner.runTest(SuiteRunner.java:402)
at org.testng.SuiteRunner.runSequentially(SuiteRunner.java:396)
at org.testng.SuiteRunner.privateRun(SuiteRunner.java:355)
at org.testng.SuiteRunner.run(SuiteRunner.java:304)
at org.testng.SuiteRunnerWorker.runSuite(SuiteRunnerWorker.java:53)
at org.testng.SuiteRunnerWorker.run(SuiteRunnerWorker.java:96)
at org.testng.TestNG.runSuitesSequentially(TestNG.java:1180)
at org.testng.TestNG.runSuitesLocally(TestNG.java:1102)
at org.testng.TestNG.runSuites(TestNG.java:1032)
at org.testng.TestNG.run(TestNG.java:1000)
at org.testng.remote.AbstractRemoteTestNG.run(AbstractRemoteTestNG.java:115)
at org.testng.remote.RemoteTestNG.initAndRun(RemoteTestNG.java:251)
at org.testng.remote.RemoteTestNG.main(RemoteTestNG.java:77)
]]>
            </full-stacktrace>
          </exception> <!-- com.mongodb.MongoTimeoutException -->
          <reporter-output>
          </reporter-output>
        </test-method> <!-- mongoconnection -->
      </class> <!-- Base.funtions -->
    </test> <!-- Default test -->
  </suite> <!-- Default suite -->
</testng-results>
