<?xml version="1.0" encoding="UTF-8"?>
<testng-results skipped="0" failed="0" ignored="0" total="1" passed="1">
  <reporter-output>
  </reporter-output>
  <suite name="1Source-Automation" duration-ms="687838" started-at="2019-11-28T09:01:03Z" finished-at="2019-11-28T09:12:31Z">
    <groups>
      <group name="cucumber">
        <method signature="AbstractTestNGCucumberTests.feature(cucumber.api.testng.CucumberFeatureWrapper)[pri:0, instance:cucumberOptions.TestRunner@7d907bac]" name="feature" class="cucumber.api.testng.AbstractTestNGCucumberTests"/>
      </group> <!-- cucumber -->
    </groups>
    <test name="Regression" duration-ms="687838" started-at="2019-11-28T09:01:03Z" finished-at="2019-11-28T09:12:31Z">
      <class name="cucumberOptions.TestRunner">
        <test-method status="PASS" signature="setup()[pri:0, instance:cucumberOptions.TestRunner@7d907bac]" name="setup" is-config="true" duration-ms="34" started-at="2019-11-28T09:01:03Z" finished-at="2019-11-28T09:01:03Z">
          <reporter-output>
          </reporter-output>
        </test-method> <!-- setup -->
        <test-method status="PASS" signature="setUpClass()[pri:0, instance:cucumberOptions.TestRunner@7d907bac]" name="setUpClass" is-config="true" duration-ms="668" started-at="2019-11-28T09:01:03Z" finished-at="2019-11-28T09:01:04Z">
          <reporter-output>
          </reporter-output>
        </test-method> <!-- setUpClass -->
        <test-method status="PASS" signature="feature(cucumber.api.testng.CucumberFeatureWrapper)[pri:0, instance:cucumberOptions.TestRunner@7d907bac]" name="feature" duration-ms="685602" started-at="2019-11-28T09:01:04Z" description="Runs Cucumber Feature" data-provider="features" finished-at="2019-11-28T09:12:30Z">
          <params>
            <param index="0">
              <value>
                <![CDATA[Print Search loading time]]>
              </value>
            </param>
          </params>
          <reporter-output>
          </reporter-output>
        </test-method> <!-- feature -->
        <test-method status="PASS" signature="tearDownClass()[pri:0, instance:cucumberOptions.TestRunner@7d907bac]" name="tearDownClass" is-config="true" duration-ms="1132" started-at="2019-11-28T09:12:30Z" finished-at="2019-11-28T09:12:31Z">
          <reporter-output>
          </reporter-output>
        </test-method> <!-- tearDownClass -->
      </class> <!-- cucumberOptions.TestRunner -->
    </test> <!-- Regression -->
  </suite> <!-- 1Source-Automation -->
</testng-results>
