<?xml version="1.0" encoding="UTF-8"?>
<testng-results skipped="0" failed="0" ignored="0" total="1" passed="1">
  <reporter-output>
  </reporter-output>
  <suite name="Default suite" duration-ms="587717" started-at="2019-12-20T14:58:45Z" finished-at="2019-12-20T15:08:33Z">
    <groups>
      <group name="cucumber">
        <method signature="AbstractTestNGCucumberTests.feature(cucumber.api.testng.CucumberFeatureWrapper)[pri:0, instance:cucumberOptions.InsuranceRunnerDE@140e5a13]" name="feature" class="cucumber.api.testng.AbstractTestNGCucumberTests"/>
      </group> <!-- cucumber -->
    </groups>
    <test name="Default test" duration-ms="587717" started-at="2019-12-20T14:58:45Z" finished-at="2019-12-20T15:08:33Z">
      <class name="cucumberOptions.InsuranceRunnerDE">
        <test-method status="PASS" signature="setup()[pri:0, instance:cucumberOptions.InsuranceRunnerDE@140e5a13]" name="setup" is-config="true" duration-ms="20" started-at="2019-12-20T14:58:45Z" finished-at="2019-12-20T14:58:45Z">
          <reporter-output>
          </reporter-output>
        </test-method> <!-- setup -->
        <test-method status="PASS" signature="setUpClass()[pri:0, instance:cucumberOptions.InsuranceRunnerDE@140e5a13]" name="setUpClass" is-config="true" duration-ms="498" started-at="2019-12-20T14:58:45Z" finished-at="2019-12-20T14:58:45Z">
          <reporter-output>
          </reporter-output>
        </test-method> <!-- setUpClass -->
        <test-method status="PASS" signature="feature(cucumber.api.testng.CucumberFeatureWrapper)[pri:0, instance:cucumberOptions.InsuranceRunnerDE@140e5a13]" name="feature" duration-ms="586720" started-at="2019-12-20T14:58:45Z" description="Runs Cucumber Feature" data-provider="features" finished-at="2019-12-20T15:08:32Z">
          <params>
            <param index="0">
              <value>
                <![CDATA[Print Search loading time]]>
              </value>
            </param>
          </params>
          <reporter-output>
          </reporter-output>
        </test-method> <!-- feature -->
        <test-method status="PASS" signature="tearDownClass()[pri:0, instance:cucumberOptions.InsuranceRunnerDE@140e5a13]" name="tearDownClass" is-config="true" duration-ms="383" started-at="2019-12-20T15:08:32Z" finished-at="2019-12-20T15:08:33Z">
          <reporter-output>
          </reporter-output>
        </test-method> <!-- tearDownClass -->
        <test-method status="PASS" signature="setupp()[pri:0, instance:cucumberOptions.InsuranceRunnerDE@140e5a13]" name="setupp" is-config="true" duration-ms="437" started-at="2019-12-20T15:08:33Z" finished-at="2019-12-20T15:08:33Z">
          <reporter-output>
          </reporter-output>
        </test-method> <!-- setupp -->
      </class> <!-- cucumberOptions.InsuranceRunnerDE -->
    </test> <!-- Default test -->
  </suite> <!-- Default suite -->
</testng-results>
