<?xml version="1.0" encoding="UTF-8"?>
<testng-results skipped="0" failed="0" ignored="0" total="1" passed="1">
  <reporter-output>
  </reporter-output>
  <suite name="Suite1" duration-ms="72378" started-at="2019-04-01T15:43:38Z" finished-at="2019-04-01T15:44:50Z">
    <groups>
      <group name="cucumber">
        <method signature="AbstractTestNGCucumberTests.feature(cucumber.api.testng.CucumberFeatureWrapper)[pri:0, instance:cucumberOptions.TestRunner@5700d6b1]" name="feature" class="cucumber.api.testng.AbstractTestNGCucumberTests"/>
      </group> <!-- cucumber -->
    </groups>
    <test name="Nopackage" duration-ms="72378" started-at="2019-04-01T15:43:38Z" finished-at="2019-04-01T15:44:50Z">
      <class name="cucumberOptions.TestRunner">
        <test-method status="PASS" signature="setUpClass()[pri:0, instance:cucumberOptions.TestRunner@5700d6b1]" name="setUpClass" is-config="true" duration-ms="255" started-at="2019-04-01T15:43:38Z" finished-at="2019-04-01T15:43:38Z">
          <reporter-output>
          </reporter-output>
        </test-method> <!-- setUpClass -->
        <test-method status="PASS" signature="feature(cucumber.api.testng.CucumberFeatureWrapper)[pri:0, instance:cucumberOptions.TestRunner@5700d6b1]" name="feature" duration-ms="71990" started-at="2019-04-01T15:43:38Z" description="Runs Cucumber Feature" data-provider="features" finished-at="2019-04-01T15:44:50Z">
          <params>
            <param index="0">
              <value>
                <![CDATA[New Hotel Booking through Different Data Sources through LB]]>
              </value>
            </param>
          </params>
          <reporter-output>
          </reporter-output>
        </test-method> <!-- feature -->
        <test-method status="PASS" signature="tearDownClass()[pri:0, instance:cucumberOptions.TestRunner@5700d6b1]" name="tearDownClass" is-config="true" duration-ms="25" started-at="2019-04-01T15:44:50Z" finished-at="2019-04-01T15:44:50Z">
          <reporter-output>
          </reporter-output>
        </test-method> <!-- tearDownClass -->
      </class> <!-- cucumberOptions.TestRunner -->
    </test> <!-- Nopackage -->
  </suite> <!-- Suite1 -->
</testng-results>
