<?xml version="1.0" encoding="UTF-8"?>
<testng-results skipped="0" failed="0" ignored="0" total="1" passed="1">
  <reporter-output>
  </reporter-output>
  <suite name="1Source-Automation" duration-ms="429357" started-at="2019-11-08T10:19:25Z" finished-at="2019-11-08T10:26:35Z">
    <groups>
      <group name="cucumber">
        <method signature="AbstractTestNGCucumberTests.feature(cucumber.api.testng.CucumberFeatureWrapper)[pri:0, instance:cucumberOptions.TestRunner@4b4523f8]" name="feature" class="cucumber.api.testng.AbstractTestNGCucumberTests"/>
      </group> <!-- cucumber -->
    </groups>
    <test name="Regression" duration-ms="429357" started-at="2019-11-08T10:19:25Z" finished-at="2019-11-08T10:26:35Z">
      <class name="cucumberOptions.TestRunner">
        <test-method status="PASS" signature="setUpClass()[pri:0, instance:cucumberOptions.TestRunner@4b4523f8]" name="setUpClass" is-config="true" duration-ms="754" started-at="2019-11-08T10:19:26Z" finished-at="2019-11-08T10:19:27Z">
          <reporter-output>
          </reporter-output>
        </test-method> <!-- setUpClass -->
        <test-method status="PASS" signature="setup()[pri:0, instance:cucumberOptions.TestRunner@4b4523f8]" name="setup" is-config="true" duration-ms="2" started-at="2019-11-08T10:19:27Z" finished-at="2019-11-08T10:19:27Z">
          <reporter-output>
          </reporter-output>
        </test-method> <!-- setup -->
        <test-method status="PASS" signature="feature(cucumber.api.testng.CucumberFeatureWrapper)[pri:0, instance:cucumberOptions.TestRunner@4b4523f8]" name="feature" duration-ms="427545" started-at="2019-11-08T10:19:27Z" description="Runs Cucumber Feature" data-provider="features" finished-at="2019-11-08T10:26:34Z">
          <params>
            <param index="0">
              <value>
                <![CDATA[Hotel booking and Amend by Add Passengers to the booking]]>
              </value>
            </param>
          </params>
          <reporter-output>
          </reporter-output>
        </test-method> <!-- feature -->
        <test-method status="PASS" signature="tearDownClass()[pri:0, instance:cucumberOptions.TestRunner@4b4523f8]" name="tearDownClass" is-config="true" duration-ms="436" started-at="2019-11-08T10:26:34Z" finished-at="2019-11-08T10:26:35Z">
          <reporter-output>
          </reporter-output>
        </test-method> <!-- tearDownClass -->
      </class> <!-- cucumberOptions.TestRunner -->
    </test> <!-- Regression -->
  </suite> <!-- 1Source-Automation -->
</testng-results>
