<?xml version="1.0" encoding="UTF-8"?>
<testng-results skipped="0" failed="0" ignored="0" total="1" passed="1">
  <reporter-output>
  </reporter-output>
  <suite name="Default suite" duration-ms="146864" started-at="2019-10-15T13:15:12Z" finished-at="2019-10-15T13:17:39Z">
    <groups>
      <group name="cucumber">
        <method signature="AbstractTestNGCucumberTests.feature(cucumber.api.testng.CucumberFeatureWrapper)[pri:0, instance:cucumberOptions.TestRunner@6325a3ee]" name="feature" class="cucumber.api.testng.AbstractTestNGCucumberTests"/>
      </group> <!-- cucumber -->
    </groups>
    <test name="Default test" duration-ms="146864" started-at="2019-10-15T13:15:12Z" finished-at="2019-10-15T13:17:39Z">
      <class name="cucumberOptions.TestRunner">
        <test-method status="PASS" signature="setUpClass()[pri:0, instance:cucumberOptions.TestRunner@6325a3ee]" name="setUpClass" is-config="true" duration-ms="830" started-at="2019-10-15T13:15:12Z" finished-at="2019-10-15T13:15:13Z">
          <reporter-output>
          </reporter-output>
        </test-method> <!-- setUpClass -->
        <test-method status="PASS" signature="setup()[pri:0, instance:cucumberOptions.TestRunner@6325a3ee]" name="setup" is-config="true" duration-ms="1" started-at="2019-10-15T13:15:13Z" finished-at="2019-10-15T13:15:13Z">
          <reporter-output>
          </reporter-output>
        </test-method> <!-- setup -->
        <test-method status="PASS" signature="feature(cucumber.api.testng.CucumberFeatureWrapper)[pri:0, instance:cucumberOptions.TestRunner@6325a3ee]" name="feature" duration-ms="145374" started-at="2019-10-15T13:15:13Z" description="Runs Cucumber Feature" data-provider="features" finished-at="2019-10-15T13:17:38Z">
          <params>
            <param index="0">
              <value>
                <![CDATA[Benchmark LightBox loading time]]>
              </value>
            </param>
          </params>
          <reporter-output>
          </reporter-output>
        </test-method> <!-- feature -->
        <test-method status="PASS" signature="tearDownClass()[pri:0, instance:cucumberOptions.TestRunner@6325a3ee]" name="tearDownClass" is-config="true" duration-ms="526" started-at="2019-10-15T13:17:38Z" finished-at="2019-10-15T13:17:39Z">
          <reporter-output>
          </reporter-output>
        </test-method> <!-- tearDownClass -->
      </class> <!-- cucumberOptions.TestRunner -->
    </test> <!-- Default test -->
  </suite> <!-- Default suite -->
</testng-results>
