<?xml version="1.0" encoding="UTF-8"?>
<testng-results skipped="0" failed="0" ignored="0" total="1" passed="1">
  <reporter-output>
  </reporter-output>
  <suite name="1Source-Automation" duration-ms="1449114" started-at="2020-03-13T09:26:19Z" finished-at="2020-03-13T09:50:29Z">
    <groups>
      <group name="cucumber">
        <method signature="AbstractTestNGCucumberTests.feature(cucumber.api.testng.CucumberFeatureWrapper)[pri:0, instance:cucumberOptions.TestRunner@4e41089d]" name="feature" class="cucumber.api.testng.AbstractTestNGCucumberTests"/>
      </group> <!-- cucumber -->
    </groups>
    <test name="Regression" duration-ms="1449114" started-at="2020-03-13T09:26:19Z" finished-at="2020-03-13T09:50:29Z">
      <class name="cucumberOptions.TestRunner">
        <test-method status="PASS" signature="setup()[pri:0, instance:cucumberOptions.TestRunner@4e41089d]" name="setup" is-config="true" duration-ms="1635" started-at="2020-03-13T09:26:18Z" finished-at="2020-03-13T09:26:19Z">
          <reporter-output>
          </reporter-output>
        </test-method> <!-- setup -->
        <test-method status="PASS" signature="setUpClass()[pri:0, instance:cucumberOptions.TestRunner@4e41089d]" name="setUpClass" is-config="true" duration-ms="48860" started-at="2020-03-13T09:26:30Z" finished-at="2020-03-13T09:27:19Z">
          <reporter-output>
          </reporter-output>
        </test-method> <!-- setUpClass -->
        <test-method status="PASS" signature="feature(cucumber.api.testng.CucumberFeatureWrapper)[pri:0, instance:cucumberOptions.TestRunner@4e41089d]" name="feature" duration-ms="1353390" started-at="2020-03-13T09:27:28Z" description="Runs Cucumber Feature" data-provider="features" finished-at="2020-03-13T09:50:02Z">
          <params>
            <param index="0">
              <value>
                <![CDATA[Print Search loading time]]>
              </value>
            </param>
          </params>
          <reporter-output>
          </reporter-output>
        </test-method> <!-- feature -->
        <test-method status="PASS" signature="tearDownClass()[pri:0, instance:cucumberOptions.TestRunner@4e41089d]" name="tearDownClass" is-config="true" duration-ms="26610" started-at="2020-03-13T09:50:02Z" finished-at="2020-03-13T09:50:28Z">
          <reporter-output>
          </reporter-output>
        </test-method> <!-- tearDownClass -->
        <test-method status="PASS" signature="setupp()[pri:0, instance:cucumberOptions.TestRunner@4e41089d]" name="setupp" is-config="true" duration-ms="12042" started-at="2020-03-13T09:50:31Z" finished-at="2020-03-13T09:50:43Z">
          <reporter-output>
          </reporter-output>
        </test-method> <!-- setupp -->
      </class> <!-- cucumberOptions.TestRunner -->
    </test> <!-- Regression -->
  </suite> <!-- 1Source-Automation -->
</testng-results>
