<?xml version="1.0" encoding="UTF-8"?>
<testng-results skipped="0" failed="0" ignored="0" total="1" passed="1">
  <reporter-output>
  </reporter-output>
  <suite name="Default suite" duration-ms="155930" started-at="2019-10-11T15:20:54Z" finished-at="2019-10-11T15:23:30Z">
    <groups>
      <group name="cucumber">
        <method signature="AbstractTestNGCucumberTests.feature(cucumber.api.testng.CucumberFeatureWrapper)[pri:0, instance:cucumberOptions.TestRunner@7d907bac]" name="feature" class="cucumber.api.testng.AbstractTestNGCucumberTests"/>
      </group> <!-- cucumber -->
    </groups>
    <test name="Default test" duration-ms="155930" started-at="2019-10-11T15:20:54Z" finished-at="2019-10-11T15:23:30Z">
      <class name="cucumberOptions.TestRunner">
        <test-method status="PASS" signature="setUpClass()[pri:0, instance:cucumberOptions.TestRunner@7d907bac]" name="setUpClass" is-config="true" duration-ms="823" started-at="2019-10-11T15:20:54Z" finished-at="2019-10-11T15:20:55Z">
          <reporter-output>
          </reporter-output>
        </test-method> <!-- setUpClass -->
        <test-method status="PASS" signature="feature(cucumber.api.testng.CucumberFeatureWrapper)[pri:0, instance:cucumberOptions.TestRunner@7d907bac]" name="feature" duration-ms="154463" started-at="2019-10-11T15:20:55Z" description="Runs Cucumber Feature" data-provider="features" finished-at="2019-10-11T15:23:30Z">
          <params>
            <param index="0">
              <value>
                <![CDATA[Hotel Booking through Expedia]]>
              </value>
            </param>
          </params>
          <reporter-output>
          </reporter-output>
        </test-method> <!-- feature -->
        <test-method status="PASS" signature="tearDownClass()[pri:0, instance:cucumberOptions.TestRunner@7d907bac]" name="tearDownClass" is-config="true" duration-ms="491" started-at="2019-10-11T15:23:30Z" finished-at="2019-10-11T15:23:30Z">
          <reporter-output>
          </reporter-output>
        </test-method> <!-- tearDownClass -->
      </class> <!-- cucumberOptions.TestRunner -->
    </test> <!-- Default test -->
  </suite> <!-- Default suite -->
</testng-results>
