<?xml version="1.0" encoding="UTF-8"?>
<testng-results skipped="0" failed="0" ignored="0" total="1" passed="1">
  <reporter-output>
  </reporter-output>
  <suite name="Default suite" duration-ms="50350" started-at="2019-04-03T08:42:08Z" finished-at="2019-04-03T08:42:58Z">
    <groups>
      <group name="cucumber">
        <method signature="AbstractTestNGCucumberTests.feature(cucumber.api.testng.CucumberFeatureWrapper)[pri:0, instance:cucumberOptions.TestRunner@21213b92]" name="feature" class="cucumber.api.testng.AbstractTestNGCucumberTests"/>
      </group> <!-- cucumber -->
    </groups>
    <test name="Default test" duration-ms="50350" started-at="2019-04-03T08:42:08Z" finished-at="2019-04-03T08:42:58Z">
      <class name="cucumberOptions.TestRunner">
        <test-method status="PASS" signature="setUpClass()[pri:0, instance:cucumberOptions.TestRunner@21213b92]" name="setUpClass" is-config="true" duration-ms="279" started-at="2019-04-03T08:42:08Z" finished-at="2019-04-03T08:42:08Z">
          <reporter-output>
          </reporter-output>
        </test-method> <!-- setUpClass -->
        <test-method status="PASS" signature="feature(cucumber.api.testng.CucumberFeatureWrapper)[pri:0, instance:cucumberOptions.TestRunner@21213b92]" name="feature" duration-ms="49900" started-at="2019-04-03T08:42:08Z" description="Runs Cucumber Feature" data-provider="features" finished-at="2019-04-03T08:42:58Z">
          <params>
            <param index="0">
              <value>
                <![CDATA[Verify the Hotel Search results info when search doesn't fetch reults]]>
              </value>
            </param>
          </params>
          <reporter-output>
          </reporter-output>
        </test-method> <!-- feature -->
        <test-method status="PASS" signature="tearDownClass()[pri:0, instance:cucumberOptions.TestRunner@21213b92]" name="tearDownClass" is-config="true" duration-ms="82" started-at="2019-04-03T08:42:58Z" finished-at="2019-04-03T08:42:58Z">
          <reporter-output>
          </reporter-output>
        </test-method> <!-- tearDownClass -->
      </class> <!-- cucumberOptions.TestRunner -->
    </test> <!-- Default test -->
  </suite> <!-- Default suite -->
</testng-results>
